[2025-12-23 20:36:19] [SUCCESS] [admin] Login berhasil untuk user: admin
[2025-12-23 20:42:39] [SUCCESS] [admin] Login berhasil untuk user: admin
[2025-12-23 20:42:50] [INFO] [admin] User logout: admin
[2025-12-23 20:42:57] [SUCCESS] [tamu1] Login berhasil untuk user: tamu1
[2025-12-23 20:43:45] [UPDATE] [tamu1] Kamar 302 diupdate - Available: False
[2025-12-23 20:43:45] [CREATE] [tamu1] Booking baru dibuat: B0001 untuk kamar 302
[2025-12-23 20:43:45] [ERROR] [System] Error loading bookings: Booking.__init__() got an unexpected keyword argument 'created_at'
[2025-12-23 20:43:50] [ERROR] [System] Error loading bookings: Booking.__init__() got an unexpected keyword argument 'created_at'
[2025-12-23 20:43:50] [ERROR] [System] Error loading bookings: Booking.__init__() got an unexpected keyword argument 'created_at'
[2025-12-23 20:43:52] [ERROR] [System] Error loading bookings: Booking.__init__() got an unexpected keyword argument 'created_at'
[2025-12-23 20:43:54] [ERROR] [System] Error loading bookings: Booking.__init__() got an unexpected keyword argument 'created_at'
[2025-12-23 20:43:58] [ERROR] [System] Error loading bookings: Booking.__init__() got an unexpected keyword argument 'created_at'
[2025-12-23 20:44:12] [ERROR] [System] Error loading bookings: Booking.__init__() got an unexpected keyword argument 'created_at'
[2025-12-23 20:44:12] [UPDATE] [tamu1] Kamar 102 diupdate - Available: False
[2025-12-23 20:44:12] [CREATE] [tamu1] Booking baru dibuat: B0001 untuk kamar 102
[2025-12-23 20:44:12] [ERROR] [System] Error loading bookings: Booking.__init__() got an unexpected keyword argument 'created_at'
[2025-12-23 20:44:15] [ERROR] [System] Error loading bookings: Booking.__init__() got an unexpected keyword argument 'created_at'
[2025-12-23 20:44:15] [ERROR] [System] Error loading bookings: Booking.__init__() got an unexpected keyword argument 'created_at'
[2025-12-23 20:44:20] [ERROR] [System] Error loading bookings: Booking.__init__() got an unexpected keyword argument 'created_at'
[2025-12-23 20:44:21] [ERROR] [System] Error loading bookings: Booking.__init__() got an unexpected keyword argument 'created_at'
[2025-12-23 20:44:21] [ERROR] [System] Error loading bookings: Booking.__init__() got an unexpected keyword argument 'created_at'
[2025-12-23 20:44:23] [INFO] [tamu1] User logout: tamu1
[2025-12-23 20:44:30] [SUCCESS] [admin] Login berhasil untuk user: admin
[2025-12-23 20:44:30] [ERROR] [System] Error loading bookings: Booking.__init__() got an unexpected keyword argument 'created_at'
[2025-12-23 20:44:40] [ERROR] [System] Error loading bookings: Booking.__init__() got an unexpected keyword argument 'created_at'
[2025-12-23 20:44:43] [ERROR] [System] Error loading bookings: Booking.__init__() got an unexpected keyword argument 'created_at'
[2025-12-23 20:44:52] [ERROR] [System] Error loading bookings: Booking.__init__() got an unexpected keyword argument 'created_at'
[2025-12-23 20:44:52] [UPDATE] [admin] Kamar 201 diupdate - Available: False
[2025-12-23 20:44:52] [CREATE] [admin] Booking baru dibuat: B0001 untuk kamar 201
[2025-12-23 20:44:52] [ERROR] [System] Error loading bookings: Booking.__init__() got an unexpected keyword argument 'created_at'
[2025-12-23 20:49:35] [UPDATE] [admin] Kamar 201 diupdate - Available: True
[2025-12-23 20:49:35] [DELETE] [admin] Booking B0001 dihapus
[2025-12-23 20:49:45] [UPDATE] [admin] Kamar 202 diupdate - Available: False
[2025-12-23 20:49:45] [CREATE] [admin] Booking baru dibuat: B0001 untuk kamar 202
[2025-12-23 20:49:58] [INFO] [admin] User logout: admin
[2025-12-23 20:50:05] [SUCCESS] [tamu1] Login berhasil untuk user: tamu1
[2025-12-23 20:50:20] [UPDATE] [tamu1] Kamar 301 diupdate - Available: False
[2025-12-23 20:50:20] [CREATE] [tamu1] Booking baru dibuat: B0002 untuk kamar 301
[2025-12-23 20:50:45] [INFO] [tamu1] User logout: tamu1
[2025-12-23 20:50:53] [SUCCESS] [admin] Login berhasil untuk user: admin
[2025-12-23 20:51:09] [CREATE] [admin] Kamar baru dibuat: Suite - 1099
[2025-12-23 20:51:20] [UPDATE] [admin] Kamar 301 diupdate - Available: True
[2025-12-23 20:51:45] [INFO] [admin] User logout: admin
[2025-12-23 20:54:31] [SUCCESS] [admin] Login berhasil untuk user: admin
[2025-12-23 20:59:12] [INFO] [admin] User logout: admin
[2025-12-23 21:01:29] [SUCCESS] [admin] Login berhasil untuk user: admin
[2025-12-23 21:03:55] [INFO] [admin] User logout: admin
[2025-12-23 21:05:12] [SUCCESS] [admin] Login berhasil untuk user: admin
[2025-12-23 21:07:13] [INFO] [admin] User logout: admin
[2025-12-23 21:14:45] [SUCCESS] [tamu1] Login berhasil untuk user: tamu1
[2025-12-23 21:15:31] [UPDATE] [tamu1] Kamar 1099 diupdate - Available: False
[2025-12-23 21:15:31] [CREATE] [tamu1] Booking baru dibuat: B0003 untuk kamar 1099
[2025-12-23 21:16:00] [UPDATE] [tamu1] Kamar 1099 diupdate - Available: True
[2025-12-23 21:16:00] [UPDATE] [tamu1] Booking B0003 status diupdate: active -> cancelled
[2025-12-23 21:16:11] [UPDATE] [tamu1] Kamar 1099 diupdate - Available: True
[2025-12-23 21:16:11] [DELETE] [tamu1] Booking B0003 dihapus
[2025-12-23 21:24:22] [INFO] [tamu1] User logout: tamu1
[2025-12-23 21:24:29] [SUCCESS] [admin] Login berhasil untuk user: admin
[2025-12-23 21:24:35] [INFO] [admin] User logout: admin
[2025-12-23 21:24:41] [SUCCESS] [tamu1] Login berhasil untuk user: tamu1
[2025-12-23 21:24:59] [UPDATE] [tamu1] Kamar 1099 diupdate - Available: False
[2025-12-23 21:24:59] [CREATE] [tamu1] Booking baru dibuat: B0003 untuk kamar 1099
[2025-12-23 21:25:14] [UPDATE] [tamu1] Kamar 301 diupdate - Available: True
[2025-12-23 21:25:14] [UPDATE] [tamu1] Booking B0002 status diupdate: active -> cancelled
[2025-12-23 21:25:16] [INFO] [tamu1] User logout: tamu1
[2025-12-23 21:25:22] [SUCCESS] [admin] Login berhasil untuk user: admin
[2025-12-23 21:25:31] [UPDATE] [admin] Kamar 301 diupdate - Available: True
[2025-12-23 21:25:31] [DELETE] [admin] Booking B0002 dihapus
[2025-12-23 21:25:39] [UPDATE] [admin] Kamar 1099 diupdate - Available: True
[2025-12-23 21:25:39] [UPDATE] [admin] Booking B0003 status diupdate: active -> completed
[2025-12-23 21:32:24] [INFO] [admin] User logout: admin
[2025-12-23 21:32:30] [SUCCESS] [tamu1] Login berhasil untuk user: tamu1
[2025-12-23 21:32:55] [UPDATE] [tamu1] Kamar 301 diupdate - Available: False
[2025-12-23 21:32:55] [CREATE] [tamu1] Booking baru dibuat: B0003 untuk kamar 301
[2025-12-23 21:33:11] [INFO] [tamu1] User logout: tamu1
